A D/images////
A D/includes////
A D/plugins////
A D/spaces_announce////
A D/spaces_blog////
A D/spaces_calendar////
A D/spaces_casetracker////
A D/spaces_contacts////
A D/spaces_core////
A D/spaces_customtext////
A D/spaces_dashboard////
A D/spaces_design////
A D/spaces_og////
A D/spaces_shoutbox////
A D/spaces_site////
A D/spaces_taxonomy////
A D/spaces_ui////
A D/spaces_user////
A D/tests////
R D/spaces_site////
R D/spaces_shoutbox////
R D/spaces_design////
R D/spaces_core////
R D/spaces_contacts////
R D/spaces_casetracker////
R D/spaces_calendar////
R D/spaces_blog////
R D/spaces_announce////
R D/images////
